<?xml version="1.0" encoding="UTF-8"?>
<robot generator="Robot 4.1.1 (Python 3.10.0 on win32)" generated="20220220 17:13:15.460" rpa="false" schemaversion="2">
<suite id="s1" name="SecondTest" source="C:\Users\VioMSI\PycharmProjects\Test2\tests\SecondTest.robot">
<test id="s1-t1" name="User goes to checkout with two most expensive products">
<kw name="Start Web Test" library="common" type="SETUP">
<kw name="Open Browser" library="SeleniumLibrary">
<arg>about:blank</arg>
<arg>${BROWSER}</arg>
<arg>${BROWSER_OPTIONS}</arg>
<doc>Opens a new browser instance to the optional ``url``.</doc>
<msg timestamp="20220220 17:13:15.637" level="INFO">Opening browser 'chrome' to base url 'about:blank'.</msg>
<status status="PASS" starttime="20220220 17:13:15.637" endtime="20220220 17:13:16.773"/>
</kw>
<kw name="Maximize Browser Window" library="SeleniumLibrary">
<doc>Maximizes current browser window.</doc>
<status status="PASS" starttime="20220220 17:13:16.773" endtime="20220220 17:13:16.902"/>
</kw>
<status status="PASS" starttime="20220220 17:13:15.636" endtime="20220220 17:13:16.902"/>
</kw>
<kw name="Search for gaming laptops" library="e-shopApp">
<kw name="Go To" library="SeleniumLibrary">
<arg>${URL}</arg>
<doc>Navigates the current browser window to the provided ``url``.</doc>
<msg timestamp="20220220 17:13:16.903" level="INFO">Opening url 'https://www.emag.ro/'</msg>
<status status="PASS" starttime="20220220 17:13:16.903" endtime="20220220 17:13:18.445"/>
</kw>
<kw name="Wait Until Page Contains" library="SeleniumLibrary">
<arg>Ofertele momentului</arg>
<doc>Waits until ``text`` appears on the current page.</doc>
<status status="PASS" starttime="20220220 17:13:18.445" endtime="20220220 17:13:18.462"/>
</kw>
<kw name="Mouse Over" library="SeleniumLibrary">
<arg>${sideMenuOption1}</arg>
<doc>Simulates hovering the mouse over the element ``locator``.</doc>
<msg timestamp="20220220 17:13:18.462" level="INFO">Simulating Mouse Over on element 'link:Laptop, Tablete &amp; Telefoane'.</msg>
<status status="PASS" starttime="20220220 17:13:18.462" endtime="20220220 17:13:19.339"/>
</kw>
<kw name="Click Link" library="SeleniumLibrary">
<arg>${opt1Laptops}</arg>
<doc>Clicks a link identified by ``locator``.</doc>
<msg timestamp="20220220 17:13:19.340" level="INFO">Clicking link 'link:Laptopuri'.</msg>
<status status="PASS" starttime="20220220 17:13:19.339" endtime="20220220 17:13:20.960"/>
</kw>
<status status="PASS" starttime="20220220 17:13:16.902" endtime="20220220 17:13:20.960"/>
</kw>
<kw name="Sort search results by price &gt; decreasing" library="e-shopApp">
<kw name="Wait Until Page Contains" library="SeleniumLibrary">
<arg>Laptopuri si accesorii</arg>
<doc>Waits until ``text`` appears on the current page.</doc>
<status status="PASS" starttime="20220220 17:13:20.961" endtime="20220220 17:13:20.984"/>
</kw>
<kw name="Click Element" library="SeleniumLibrary">
<arg>${orderBy}</arg>
<doc>Click the element identified by ``locator``.</doc>
<msg timestamp="20220220 17:13:20.985" level="INFO">Clicking element 'xpath=//span[contains(text(),'Cele mai populare')]'.</msg>
<status status="PASS" starttime="20220220 17:13:20.985" endtime="20220220 17:13:21.071"/>
</kw>
<kw name="Click Link" library="SeleniumLibrary">
<arg>${orderByDesc}</arg>
<doc>Clicks a link identified by ``locator``.</doc>
<msg timestamp="20220220 17:13:21.071" level="INFO">Clicking link 'link:Pret descrescator'.</msg>
<status status="PASS" starttime="20220220 17:13:21.071" endtime="20220220 17:13:21.475"/>
</kw>
<kw name="Wait Until Page Contains" library="SeleniumLibrary">
<arg>Pret descrescator</arg>
<doc>Waits until ``text`` appears on the current page.</doc>
<status status="PASS" starttime="20220220 17:13:21.475" endtime="20220220 17:13:21.501"/>
</kw>
<status status="PASS" starttime="20220220 17:13:20.960" endtime="20220220 17:13:21.501"/>
</kw>
<kw name="Add two most expensive products from result into cart" library="e-shopApp">
<kw name="Wait Until Element Is Enabled" library="SeleniumLibrary">
<arg>${product1}</arg>
<doc>Waits until the element ``locator`` is enabled.</doc>
<status status="PASS" starttime="20220220 17:13:21.502" endtime="20220220 17:13:21.524"/>
</kw>
<kw name="Set Focus To Element" library="SeleniumLibrary">
<arg>${product1}</arg>
<doc>Sets the focus to the element identified by ``locator``.</doc>
<status status="PASS" starttime="20220220 17:13:21.524" endtime="20220220 17:13:21.538"/>
</kw>
<kw name="Click Button" library="SeleniumLibrary">
<arg>${product1}</arg>
<doc>Clicks the button identified by ``locator``.</doc>
<msg timestamp="20220220 17:13:21.539" level="INFO">Clicking button 'css=div.card-item.card-standard.js-product-data:first-of-type button.btn-primary'.</msg>
<status status="PASS" starttime="20220220 17:13:21.538" endtime="20220220 17:13:22.208"/>
</kw>
<kw name="Wait Until Page Contains" library="SeleniumLibrary">
<arg>Produsul a fost adaugat in cos</arg>
<doc>Waits until ``text`` appears on the current page.</doc>
<status status="PASS" starttime="20220220 17:13:22.208" endtime="20220220 17:13:22.687"/>
</kw>
<kw name="Click Element" library="SeleniumLibrary">
<arg>${cartPopOutDismiss}</arg>
<doc>Click the element identified by ``locator``.</doc>
<msg timestamp="20220220 17:13:22.688" level="INFO">Clicking element 'xpath=//button[@data-dismiss]'.</msg>
<status status="PASS" starttime="20220220 17:13:22.688" endtime="20220220 17:13:22.772"/>
</kw>
<kw name="Click Button" library="SeleniumLibrary">
<arg>${product2}</arg>
<doc>Clicks the button identified by ``locator``.</doc>
<msg timestamp="20220220 17:13:22.772" level="INFO">Clicking button 'css=div.card-item.card-standard.js-product-data:nth-of-type(2) button.btn-primary'.</msg>
<status status="PASS" starttime="20220220 17:13:22.772" endtime="20220220 17:13:23.090"/>
</kw>
<kw name="Wait Until Page Contains" library="SeleniumLibrary">
<arg>Vezi detalii cos</arg>
<doc>Waits until ``text`` appears on the current page.</doc>
<status status="PASS" starttime="20220220 17:13:23.090" endtime="20220220 17:13:23.442"/>
</kw>
<kw name="Click Link" library="SeleniumLibrary">
<arg>Vezi detalii cos</arg>
<doc>Clicks a link identified by ``locator``.</doc>
<msg timestamp="20220220 17:13:23.443" level="INFO">Clicking link 'Vezi detalii cos'.</msg>
<status status="PASS" starttime="20220220 17:13:23.442" endtime="20220220 17:13:24.694"/>
</kw>
<status status="PASS" starttime="20220220 17:13:21.502" endtime="20220220 17:13:24.695"/>
</kw>
<kw name="Check that user can continue checkout" library="e-shopApp">
<kw name="Wait Until Page Contains Element" library="SeleniumLibrary">
<arg>${continueCheckout}</arg>
<doc>Waits until the element ``locator`` appears on the current page.</doc>
<status status="PASS" starttime="20220220 17:13:24.696" endtime="20220220 17:13:24.705"/>
</kw>
<status status="PASS" starttime="20220220 17:13:24.695" endtime="20220220 17:13:24.705"/>
</kw>
<kw name="End Web Test" library="common" type="TEARDOWN">
<kw name="Close Browser" library="SeleniumLibrary">
<doc>Closes the current browser.</doc>
<status status="PASS" starttime="20220220 17:13:24.705" endtime="20220220 17:13:26.890"/>
</kw>
<status status="PASS" starttime="20220220 17:13:24.705" endtime="20220220 17:13:26.890"/>
</kw>
<doc>User navigates to e-shop PcGarage and tries to checkout with two most expensive laptops</doc>
<tag>Current</tag>
<status status="PASS" starttime="20220220 17:13:15.635" endtime="20220220 17:13:26.890"/>
</test>
<doc>This is the second test for interview follow-up assignment</doc>
<status status="PASS" starttime="20220220 17:13:15.461" endtime="20220220 17:13:26.893"/>
</suite>
<statistics>
<total>
<stat pass="1" fail="0" skip="0">All Tests</stat>
</total>
<tag>
<stat pass="1" fail="0" skip="0">Current</stat>
</tag>
<suite>
<stat pass="1" fail="0" skip="0" id="s1" name="SecondTest">SecondTest</stat>
</suite>
</statistics>
<errors>
</errors>
</robot>
