<?xml version="1.0" encoding="UTF-8"?>
<robot generator="Robot 4.1.1 (Python 3.10.0 on win32)" generated="20220221 12:07:16.542" rpa="false" schemaversion="2">
<suite id="s1" name="SecondTest" source="C:\Users\VioMSI\PycharmProjects\Test2\tests\SecondTest.robot">
<test id="s1-t1" name="User goes to checkout with two most expensive products">
<kw name="Start Web Test" library="common" type="SETUP">
<kw name="Open Browser" library="SeleniumLibrary">
<arg>about:blank</arg>
<arg>${BROWSER}</arg>
<arg>${BROWSER_OPTIONS}</arg>
<doc>Opens a new browser instance to the optional ``url``.</doc>
<msg timestamp="20220221 12:07:16.722" level="INFO">Opening browser 'chrome' to base url 'about:blank'.</msg>
<status status="PASS" starttime="20220221 12:07:16.722" endtime="20220221 12:07:17.811"/>
</kw>
<kw name="Maximize Browser Window" library="SeleniumLibrary">
<doc>Maximizes current browser window.</doc>
<status status="PASS" starttime="20220221 12:07:17.811" endtime="20220221 12:07:17.929"/>
</kw>
<status status="PASS" starttime="20220221 12:07:16.721" endtime="20220221 12:07:17.929"/>
</kw>
<kw name="Search for gaming laptops" library="e-shopApp">
<kw name="Go To" library="SeleniumLibrary">
<arg>${URL}</arg>
<doc>Navigates the current browser window to the provided ``url``.</doc>
<msg timestamp="20220221 12:07:17.930" level="INFO">Opening url 'https://www.emag.ro/'</msg>
<status status="PASS" starttime="20220221 12:07:17.930" endtime="20220221 12:07:19.857"/>
</kw>
<kw name="Wait Until Page Contains" library="SeleniumLibrary">
<arg>Ofertele momentului</arg>
<doc>Waits until ``text`` appears on the current page.</doc>
<status status="PASS" starttime="20220221 12:07:19.857" endtime="20220221 12:07:19.873"/>
</kw>
<kw name="Mouse Over" library="SeleniumLibrary">
<arg>${sideMenuOption1}</arg>
<doc>Simulates hovering the mouse over the element ``locator``.</doc>
<msg timestamp="20220221 12:07:19.873" level="INFO">Simulating Mouse Over on element 'link:Laptop, Tablete &amp; Telefoane'.</msg>
<status status="PASS" starttime="20220221 12:07:19.873" endtime="20220221 12:07:20.760"/>
</kw>
<kw name="Click Link" library="SeleniumLibrary">
<arg>${opt1Laptops}</arg>
<doc>Clicks a link identified by ``locator``.</doc>
<msg timestamp="20220221 12:07:20.761" level="INFO">Clicking link 'link:Laptopuri'.</msg>
<status status="PASS" starttime="20220221 12:07:20.761" endtime="20220221 12:07:22.492"/>
</kw>
<status status="PASS" starttime="20220221 12:07:17.929" endtime="20220221 12:07:22.492"/>
</kw>
<kw name="Sort search results by price &gt; decreasing" library="e-shopApp">
<kw name="Wait Until Page Contains" library="SeleniumLibrary">
<arg>Laptopuri si accesorii</arg>
<doc>Waits until ``text`` appears on the current page.</doc>
<status status="PASS" starttime="20220221 12:07:22.493" endtime="20220221 12:07:22.539"/>
</kw>
<kw name="Click Element" library="SeleniumLibrary">
<arg>${orderBy}</arg>
<doc>Click the element identified by ``locator``.</doc>
<msg timestamp="20220221 12:07:22.540" level="INFO">Clicking element 'xpath=//span[contains(text(),'Cele mai populare')]'.</msg>
<status status="PASS" starttime="20220221 12:07:22.539" endtime="20220221 12:07:22.595"/>
</kw>
<kw name="Click Link" library="SeleniumLibrary">
<arg>${orderByDesc}</arg>
<doc>Clicks a link identified by ``locator``.</doc>
<msg timestamp="20220221 12:07:22.596" level="INFO">Clicking link 'link:Pret descrescator'.</msg>
<status status="PASS" starttime="20220221 12:07:22.596" endtime="20220221 12:07:23.007"/>
</kw>
<kw name="Wait Until Page Contains" library="SeleniumLibrary">
<arg>Pret descrescator</arg>
<doc>Waits until ``text`` appears on the current page.</doc>
<status status="PASS" starttime="20220221 12:07:23.008" endtime="20220221 12:07:23.026"/>
</kw>
<kw name="Sleep" library="BuiltIn">
<arg>2s</arg>
<doc>Pauses the test executed for the given time.</doc>
<msg timestamp="20220221 12:07:25.043" level="INFO">Slept 2 seconds</msg>
<status status="PASS" starttime="20220221 12:07:23.026" endtime="20220221 12:07:25.043"/>
</kw>
<status status="PASS" starttime="20220221 12:07:22.493" endtime="20220221 12:07:25.043"/>
</kw>
<kw name="Add two most expensive products from result into cart" library="e-shopApp">
<kw name="Wait Until Element Is Enabled" library="SeleniumLibrary">
<arg>${product1}</arg>
<doc>Waits until the element ``locator`` is enabled.</doc>
<status status="PASS" starttime="20220221 12:07:25.044" endtime="20220221 12:07:25.067"/>
</kw>
<kw name="Set Focus To Element" library="SeleniumLibrary">
<arg>${product1}</arg>
<doc>Sets the focus to the element identified by ``locator``.</doc>
<status status="PASS" starttime="20220221 12:07:25.067" endtime="20220221 12:07:25.087"/>
</kw>
<kw name="Click Button" library="SeleniumLibrary">
<arg>${product1}</arg>
<doc>Clicks the button identified by ``locator``.</doc>
<msg timestamp="20220221 12:07:25.088" level="INFO">Clicking button 'css=div.card-item.card-standard.js-product-data:first-of-type button.btn-primary'.</msg>
<status status="PASS" starttime="20220221 12:07:25.087" endtime="20220221 12:07:25.184"/>
</kw>
<kw name="Wait Until Page Contains" library="SeleniumLibrary">
<arg>Produsul a fost adaugat in cos</arg>
<doc>Waits until ``text`` appears on the current page.</doc>
<status status="PASS" starttime="20220221 12:07:25.185" endtime="20220221 12:07:25.642"/>
</kw>
<kw name="Click Element" library="SeleniumLibrary">
<arg>${cartPopOutDismiss}</arg>
<doc>Click the element identified by ``locator``.</doc>
<msg timestamp="20220221 12:07:25.642" level="INFO">Clicking element 'xpath=//button[@data-dismiss]'.</msg>
<status status="PASS" starttime="20220221 12:07:25.642" endtime="20220221 12:07:25.731"/>
</kw>
<kw name="Click Button" library="SeleniumLibrary">
<arg>${product2}</arg>
<doc>Clicks the button identified by ``locator``.</doc>
<msg timestamp="20220221 12:07:25.731" level="INFO">Clicking button 'css=div.card-item.card-standard.js-product-data:nth-of-type(2) button.btn-primary'.</msg>
<status status="PASS" starttime="20220221 12:07:25.731" endtime="20220221 12:07:26.069"/>
</kw>
<kw name="Wait Until Page Contains" library="SeleniumLibrary">
<arg>Vezi detalii cos</arg>
<doc>Waits until ``text`` appears on the current page.</doc>
<status status="PASS" starttime="20220221 12:07:26.069" endtime="20220221 12:07:26.471"/>
</kw>
<kw name="Click Link" library="SeleniumLibrary">
<arg>Vezi detalii cos</arg>
<doc>Clicks a link identified by ``locator``.</doc>
<msg timestamp="20220221 12:07:26.471" level="INFO">Clicking link 'Vezi detalii cos'.</msg>
<status status="PASS" starttime="20220221 12:07:26.471" endtime="20220221 12:07:27.678"/>
</kw>
<status status="PASS" starttime="20220221 12:07:25.044" endtime="20220221 12:07:27.678"/>
</kw>
<kw name="Check that user can continue checkout" library="e-shopApp">
<kw name="Wait Until Page Contains Element" library="SeleniumLibrary">
<arg>${continueCheckout}</arg>
<doc>Waits until the element ``locator`` appears on the current page.</doc>
<status status="PASS" starttime="20220221 12:07:27.679" endtime="20220221 12:07:27.696"/>
</kw>
<status status="PASS" starttime="20220221 12:07:27.679" endtime="20220221 12:07:27.696"/>
</kw>
<kw name="End Web Test" library="common" type="TEARDOWN">
<kw name="Close Browser" library="SeleniumLibrary">
<doc>Closes the current browser.</doc>
<status status="PASS" starttime="20220221 12:07:27.697" endtime="20220221 12:07:29.892"/>
</kw>
<status status="PASS" starttime="20220221 12:07:27.697" endtime="20220221 12:07:29.892"/>
</kw>
<doc>User navigates to e-shop PcGarage and tries to checkout with two most expensive laptops</doc>
<tag>Current</tag>
<status status="PASS" starttime="20220221 12:07:16.721" endtime="20220221 12:07:29.892"/>
</test>
<doc>This is the second test for interview follow-up assignment</doc>
<status status="PASS" starttime="20220221 12:07:16.544" endtime="20220221 12:07:29.894"/>
</suite>
<statistics>
<total>
<stat pass="1" fail="0" skip="0">All Tests</stat>
</total>
<tag>
<stat pass="1" fail="0" skip="0">Current</stat>
</tag>
<suite>
<stat pass="1" fail="0" skip="0" id="s1" name="SecondTest">SecondTest</stat>
</suite>
</statistics>
<errors>
</errors>
</robot>
